# JRE version: OpenJDK Runtime Environment (8.0_242-b01) (build 1.8.0_242-release-1644-b01)
# Java VM: OpenJDK 64-Bit Server VM (25.242-b01 mixed mode windows-amd64 compressed oops)
Heap:
 PSYoungGen      total 137728K, used 122895K [0x00000000e0000000, 0x00000000ea900000, 0x0000000100000000)
  eden space 107520K, 99% used [0x00000000e0000000,0x00000000e68a7d48,0x00000000e6900000)
  from space 30208K, 52% used [0x00000000e8b80000,0x00000000e9adc190,0x00000000ea900000)
  to   space 32768K, 0% used [0x00000000e6900000,0x00000000e6900000,0x00000000e8900000)
 ParOldGen       total 101376K, used 72530K [0x00000000a0000000, 0x00000000a6300000, 0x00000000e0000000)
  object space 101376K, 71% used [0x00000000a0000000,0x00000000a46d4bb0,0x00000000a6300000)
 Metaspace       used 75329K, capacity 81102K, committed 81408K, reserved 1120256K
  class space    used 10344K, capacity 11419K, committed 11520K, reserved 1048576K
GC Heap History (10 events):
Event: 46.474 GC heap before
{Heap before GC invocations=27 (full 3):
 PSYoungGen      total 92672K, used 79268K [0x00000000e0000000, 0x00000000e7a80000, 0x0000000100000000)
  eden space 72704K, 100% used [0x00000000e0000000,0x00000000e4700000,0x00000000e4700000)
  from space 19968K, 32% used [0x00000000e4700000,0x00000000e4d69320,0x00000000e5a80000)
  to   space 18944K, 0% used [0x00000000e6800000,0x00000000e6800000,0x00000000e7a80000)
 ParOldGen       total 101376K, used 35422K [0x00000000a0000000, 0x00000000a6300000, 0x00000000e0000000)
  object space 101376K, 34% used [0x00000000a0000000,0x00000000a2297bd0,0x00000000a6300000)
 Metaspace       used 61431K, capacity 64406K, committed 64512K, reserved 1103872K
  class space    used 8461K, capacity 9150K, committed 9216K, reserved 1048576K
Event: 46.496 GC heap after
Heap after GC invocations=27 (full 3):
 PSYoungGen      total 105984K, used 12134K [0x00000000e0000000, 0x00000000e7b00000, 0x0000000100000000)
  eden space 87040K, 0% used [0x00000000e0000000,0x00000000e0000000,0x00000000e5500000)
  from space 18944K, 64% used [0x00000000e6800000,0x00000000e73d9b60,0x00000000e7a80000)
  to   space 19456K, 0% used [0x00000000e5500000,0x00000000e5500000,0x00000000e6800000)
 ParOldGen       total 101376K, used 35430K [0x00000000a0000000, 0x00000000a6300000, 0x00000000e0000000)
  object space 101376K, 34% used [0x00000000a0000000,0x00000000a2299bd0,0x00000000a6300000)
 Metaspace       used 61431K, capacity 64406K, committed 64512K, reserved 1103872K
  class space    used 8461K, capacity 9150K, committed 9216K, reserved 1048576K
}
Event: 51.746 GC heap before
{Heap before GC invocations=28 (full 3):
 PSYoungGen      total 105984K, used 99174K [0x00000000e0000000, 0x00000000e7b00000, 0x0000000100000000)
  eden space 87040K, 100% used [0x00000000e0000000,0x00000000e5500000,0x00000000e5500000)
  from space 18944K, 64% used [0x00000000e6800000,0x00000000e73d9b60,0x00000000e7a80000)
  to   space 19456K, 0% used [0x00000000e5500000,0x00000000e5500000,0x00000000e6800000)
 ParOldGen       total 101376K, used 35430K [0x00000000a0000000, 0x00000000a6300000, 0x00000000e0000000)
  object space 101376K, 34% used [0x00000000a0000000,0x00000000a2299bd0,0x00000000a6300000)
 Metaspace       used 63351K, capacity 67766K, committed 67840K, reserved 1107968K
  class space    used 8758K, capacity 9684K, committed 9728K, reserved 1048576K
Event: 51.771 GC heap after
Heap after GC invocations=28 (full 3):
 PSYoungGen      total 106496K, used 19456K [0x00000000e0000000, 0x00000000e9000000, 0x0000000100000000)
  eden space 87040K, 0% used [0x00000000e0000000,0x00000000e0000000,0x00000000e5500000)
  from space 19456K, 100% used [0x00000000e5500000,0x00000000e6800000,0x00000000e6800000)
  to   space 24064K, 0% used [0x00000000e7880000,0x00000000e7880000,0x00000000e9000000)
 ParOldGen       total 101376K, used 40477K [0x00000000a0000000, 0x00000000a6300000, 0x00000000e0000000)
  object space 101376K, 39% used [0x00000000a0000000,0x00000000a2787400,0x00000000a6300000)
 Metaspace       used 63351K, capacity 67766K, committed 67840K, reserved 1107968K
  class space    used 8758K, capacity 9684K, committed 9728K, reserved 1048576K
}
Event: 56.639 GC heap before
{Heap before GC invocations=29 (full 3):
 PSYoungGen      total 106496K, used 106496K [0x00000000e0000000, 0x00000000e9000000, 0x0000000100000000)
  eden space 87040K, 100% used [0x00000000e0000000,0x00000000e5500000,0x00000000e5500000)
  from space 19456K, 100% used [0x00000000e5500000,0x00000000e6800000,0x00000000e6800000)
  to   space 24064K, 0% used [0x00000000e7880000,0x00000000e7880000,0x00000000e9000000)
 ParOldGen       total 101376K, used 40477K [0x00000000a0000000, 0x00000000a6300000, 0x00000000e0000000)
  object space 101376K, 39% used [0x00000000a0000000,0x00000000a2787400,0x00000000a6300000)
 Metaspace       used 69087K, capacity 73742K, committed 73856K, reserved 1112064K
  class space    used 9558K, capacity 10523K, committed 10624K, reserved 1048576K
Event: 56.676 GC heap after
Heap after GC invocations=29 (full 3):
 PSYoungGen      total 119808K, used 22794K [0x00000000e0000000, 0x00000000e9700000, 0x0000000100000000)
  eden space 95744K, 0% used [0x00000000e0000000,0x00000000e0000000,0x00000000e5d80000)
  from space 24064K, 94% used [0x00000000e7880000,0x00000000e8ec2b70,0x00000000e9000000)
  to   space 27648K, 0% used [0x00000000e5d80000,0x00000000e5d80000,0x00000000e7880000)
 ParOldGen       total 101376K, used 48533K [0x00000000a0000000, 0x00000000a6300000, 0x00000000e0000000)
  object space 101376K, 47% used [0x00000000a0000000,0x00000000a2f65490,0x00000000a6300000)
 Metaspace       used 69087K, capacity 73742K, committed 73856K, reserved 1112064K
  class space    used 9558K, capacity 10523K, committed 10624K, reserved 1048576K
}
Event: 63.613 GC heap before
{Heap before GC invocations=30 (full 3):
 PSYoungGen      total 119808K, used 118538K [0x00000000e0000000, 0x00000000e9700000, 0x0000000100000000)
  eden space 95744K, 100% used [0x00000000e0000000,0x00000000e5d80000,0x00000000e5d80000)
  from space 24064K, 94% used [0x00000000e7880000,0x00000000e8ec2b70,0x00000000e9000000)
  to   space 27648K, 0% used [0x00000000e5d80000,0x00000000e5d80000,0x00000000e7880000)
 ParOldGen       total 101376K, used 48533K [0x00000000a0000000, 0x00000000a6300000, 0x00000000e0000000)
  object space 101376K, 47% used [0x00000000a0000000,0x00000000a2f65490,0x00000000a6300000)
 Metaspace       used 72507K, capacity 77516K, committed 77568K, reserved 1116160K
  class space    used 9972K, capacity 11008K, committed 11008K, reserved 1048576K
Event: 63.636 GC heap after
Heap after GC invocations=30 (full 3):
 PSYoungGen      total 123392K, used 27617K [0x00000000e0000000, 0x00000000ead00000, 0x0000000100000000)
  eden space 95744K, 0% used [0x00000000e0000000,0x00000000e0000000,0x00000000e5d80000)
  from space 27648K, 99% used [0x00000000e5d80000,0x00000000e78784a0,0x00000000e7880000)
  to   space 34304K, 0% used [0x00000000e8b80000,0x00000000e8b80000,0x00000000ead00000)
 ParOldGen       total 101376K, used 54553K [0x00000000a0000000, 0x00000000a6300000, 0x00000000e0000000)
  object space 101376K, 53% used [0x00000000a0000000,0x00000000a3546660,0x00000000a6300000)
 Metaspace       used 72507K, capacity 77516K, committed 77568K, reserved 1116160K
  class space    used 9972K, capacity 11008K, committed 11008K, reserved 1048576K
}
Event: 70.572 GC heap before
{Heap before GC invocations=31 (full 3):
 PSYoungGen      total 123392K, used 123361K [0x00000000e0000000, 0x00000000ead00000, 0x0000000100000000)
  eden space 95744K, 100% used [0x00000000e0000000,0x00000000e5d80000,0x00000000e5d80000)
  from space 27648K, 99% used [0x00000000e5d80000,0x00000000e78784a0,0x00000000e7880000)
  to   space 34304K, 0% used [0x00000000e8b80000,0x00000000e8b80000,0x00000000ead00000)
 ParOldGen       total 101376K, used 54553K [0x00000000a0000000, 0x00000000a6300000, 0x00000000e0000000)
  object space 101376K, 53% used [0x00000000a0000000,0x00000000a3546660,0x00000000a6300000)
 Metaspace       used 74179K, capacity 79632K, committed 80000K, reserved 1118208K
  class space    used 10217K, capacity 11276K, committed 11392K, reserved 1048576K
Event: 70.597 GC heap after
Heap after GC invocations=31 (full 3):
 PSYoungGen      total 137728K, used 15728K [0x00000000e0000000, 0x00000000ea900000, 0x0000000100000000)
  eden space 107520K, 0% used [0x00000000e0000000,0x00000000e0000000,0x00000000e6900000)
  from space 30208K, 52% used [0x00000000e8b80000,0x00000000e9adc190,0x00000000ea900000)
  to   space 32768K, 0% used [0x00000000e6900000,0x00000000e6900000,0x00000000e8900000)
 ParOldGen       total 101376K, used 72530K [0x00000000a0000000, 0x00000000a6300000, 0x00000000e0000000)
  object space 101376K, 71% used [0x00000000a0000000,0x00000000a46d4bb0,0x00000000a6300000)
 Metaspace       used 74179K, capacity 79632K, committed 80000K, reserved 1118208K
  class space    used 10217K, capacity 11276K, committed 11392K, reserved 1048576K
}

