# JRE version: OpenJDK Runtime Environment (8.0_242-b01) (build 1.8.0_242-release-1644-b01)
# Java VM: OpenJDK 64-Bit Server VM (25.242-b01 mixed mode windows-amd64 compressed oops)
Heap:
 PSYoungGen      total 352768K, used 304794K [0x00000000e0000000, 0x00000000f8180000, 0x0000000100000000)
  eden space 328192K, 88% used [0x00000000e0000000,0x00000000f1b56068,0x00000000f4080000)
  from space 24576K, 59% used [0x00000000f6980000,0x00000000f77d0b40,0x00000000f8180000)
  to   space 33280K, 0% used [0x00000000f4080000,0x00000000f4080000,0x00000000f6100000)
 ParOldGen       total 209920K, used 99160K [0x00000000a0000000, 0x00000000acd00000, 0x00000000e0000000)
  object space 209920K, 47% used [0x00000000a0000000,0x00000000a60d62a0,0x00000000acd00000)
 Metaspace       used 85364K, capacity 92310K, committed 92328K, reserved 1128448K
  class space    used 11445K, capacity 12699K, committed 12712K, reserved 1048576K
GC Heap History (10 events):
Event: 84.628 GC heap before
{Heap before GC invocations=16 (full 3):
 PSYoungGen      total 250368K, used 232960K [0x00000000e0000000, 0x00000000f2800000, 0x0000000100000000)
  eden space 232960K, 100% used [0x00000000e0000000,0x00000000ee380000,0x00000000ee380000)
  from space 17408K, 0% used [0x00000000ef500000,0x00000000ef500000,0x00000000f0600000)
  to   space 17920K, 0% used [0x00000000ee380000,0x00000000ee380000,0x00000000ef500000)
 ParOldGen       total 111616K, used 38360K [0x00000000a0000000, 0x00000000a6d00000, 0x00000000e0000000)
  object space 111616K, 34% used [0x00000000a0000000,0x00000000a2576028,0x00000000a6d00000)
 Metaspace       used 63421K, capacity 67538K, committed 67752K, reserved 1107968K
  class space    used 8762K, capacity 9627K, committed 9640K, reserved 1048576K
Event: 84.648 GC heap after
Heap after GC invocations=16 (full 3):
 PSYoungGen      total 250880K, used 17888K [0x00000000e0000000, 0x00000000f4500000, 0x0000000100000000)
  eden space 232960K, 0% used [0x00000000e0000000,0x00000000e0000000,0x00000000ee380000)
  from space 17920K, 99% used [0x00000000ee380000,0x00000000ef4f8010,0x00000000ef500000)
  to   space 23040K, 0% used [0x00000000f2e80000,0x00000000f2e80000,0x00000000f4500000)
 ParOldGen       total 111616K, used 46185K [0x00000000a0000000, 0x00000000a6d00000, 0x00000000e0000000)
  object space 111616K, 41% used [0x00000000a0000000,0x00000000a2d1a6f8,0x00000000a6d00000)
 Metaspace       used 63421K, capacity 67538K, committed 67752K, reserved 1107968K
  class space    used 8762K, capacity 9627K, committed 9640K, reserved 1048576K
}
Event: 87.813 GC heap before
{Heap before GC invocations=17 (full 3):
 PSYoungGen      total 250880K, used 250848K [0x00000000e0000000, 0x00000000f4500000, 0x0000000100000000)
  eden space 232960K, 100% used [0x00000000e0000000,0x00000000ee380000,0x00000000ee380000)
  from space 17920K, 99% used [0x00000000ee380000,0x00000000ef4f8010,0x00000000ef500000)
  to   space 23040K, 0% used [0x00000000f2e80000,0x00000000f2e80000,0x00000000f4500000)
 ParOldGen       total 111616K, used 46185K [0x00000000a0000000, 0x00000000a6d00000, 0x00000000e0000000)
  object space 111616K, 41% used [0x00000000a0000000,0x00000000a2d1a6f8,0x00000000a6d00000)
 Metaspace       used 72934K, capacity 77986K, committed 78248K, reserved 1116160K
  class space    used 10051K, capacity 11071K, committed 11176K, reserved 1048576K
Event: 87.879 GC heap after
Heap after GC invocations=17 (full 3):
 PSYoungGen      total 297472K, used 23017K [0x00000000e0000000, 0x00000000f6280000, 0x0000000100000000)
  eden space 274432K, 0% used [0x00000000e0000000,0x00000000e0000000,0x00000000f0c00000)
  from space 23040K, 99% used [0x00000000f2e80000,0x00000000f44fa4e0,0x00000000f4500000)
  to   space 35328K, 0% used [0x00000000f0c00000,0x00000000f0c00000,0x00000000f2e80000)
 ParOldGen       total 111616K, used 70253K [0x00000000a0000000, 0x00000000a6d00000, 0x00000000e0000000)
  object space 111616K, 62% used [0x00000000a0000000,0x00000000a449b648,0x00000000a6d00000)
 Metaspace       used 72934K, capacity 77986K, committed 78248K, reserved 1116160K
  class space    used 10051K, capacity 11071K, committed 11176K, reserved 1048576K
}
Event: 103.086 GC heap before
{Heap before GC invocations=18 (full 3):
 PSYoungGen      total 297472K, used 297449K [0x00000000e0000000, 0x00000000f6280000, 0x0000000100000000)
  eden space 274432K, 100% used [0x00000000e0000000,0x00000000f0c00000,0x00000000f0c00000)
  from space 23040K, 99% used [0x00000000f2e80000,0x00000000f44fa4e0,0x00000000f4500000)
  to   space 35328K, 0% used [0x00000000f0c00000,0x00000000f0c00000,0x00000000f2e80000)
 ParOldGen       total 111616K, used 70253K [0x00000000a0000000, 0x00000000a6d00000, 0x00000000e0000000)
  object space 111616K, 62% used [0x00000000a0000000,0x00000000a449b648,0x00000000a6d00000)
 Metaspace       used 76721K, capacity 82902K, committed 82984K, reserved 1120256K
  class space    used 10569K, capacity 11759K, committed 11816K, reserved 1048576K
Event: 103.118 GC heap after
Heap after GC invocations=18 (full 3):
 PSYoungGen      total 309760K, used 20128K [0x00000000e0000000, 0x00000000f8c00000, 0x0000000100000000)
  eden space 274432K, 0% used [0x00000000e0000000,0x00000000e0000000,0x00000000f0c00000)
  from space 35328K, 56% used [0x00000000f0c00000,0x00000000f1fa8370,0x00000000f2e80000)
  to   space 35328K, 0% used [0x00000000f6980000,0x00000000f6980000,0x00000000f8c00000)
 ParOldGen       total 111616K, used 91556K [0x00000000a0000000, 0x00000000a6d00000, 0x00000000e0000000)
  object space 111616K, 82% used [0x00000000a0000000,0x00000000a5969290,0x00000000a6d00000)
 Metaspace       used 76721K, capacity 82902K, committed 82984K, reserved 1120256K
  class space    used 10569K, capacity 11759K, committed 11816K, reserved 1048576K
}
Event: 103.118 GC heap before
{Heap before GC invocations=19 (full 4):
 PSYoungGen      total 309760K, used 20128K [0x00000000e0000000, 0x00000000f8c00000, 0x0000000100000000)
  eden space 274432K, 0% used [0x00000000e0000000,0x00000000e0000000,0x00000000f0c00000)
  from space 35328K, 56% used [0x00000000f0c00000,0x00000000f1fa8370,0x00000000f2e80000)
  to   space 35328K, 0% used [0x00000000f6980000,0x00000000f6980000,0x00000000f8c00000)
 ParOldGen       total 111616K, used 91556K [0x00000000a0000000, 0x00000000a6d00000, 0x00000000e0000000)
  object space 111616K, 82% used [0x00000000a0000000,0x00000000a5969290,0x00000000a6d00000)
 Metaspace       used 76721K, capacity 82902K, committed 82984K, reserved 1120256K
  class space    used 10569K, capacity 11759K, committed 11816K, reserved 1048576K
Event: 103.409 GC heap after
Heap after GC invocations=19 (full 4):
 PSYoungGen      total 309760K, used 0K [0x00000000e0000000, 0x00000000f8c00000, 0x0000000100000000)
  eden space 274432K, 0% used [0x00000000e0000000,0x00000000e0000000,0x00000000f0c00000)
  from space 35328K, 0% used [0x00000000f0c00000,0x00000000f0c00000,0x00000000f2e80000)
  to   space 35328K, 0% used [0x00000000f6980000,0x00000000f6980000,0x00000000f8c00000)
 ParOldGen       total 209920K, used 99152K [0x00000000a0000000, 0x00000000acd00000, 0x00000000e0000000)
  object space 209920K, 47% used [0x00000000a0000000,0x00000000a60d42a0,0x00000000acd00000)
 Metaspace       used 76654K, capacity 82714K, committed 82984K, reserved 1120256K
  class space    used 10548K, capacity 11723K, committed 11816K, reserved 1048576K
}
Event: 123.819 GC heap before
{Heap before GC invocations=20 (full 4):
 PSYoungGen      total 309760K, used 274432K [0x00000000e0000000, 0x00000000f8c00000, 0x0000000100000000)
  eden space 274432K, 100% used [0x00000000e0000000,0x00000000f0c00000,0x00000000f0c00000)
  from space 35328K, 0% used [0x00000000f0c00000,0x00000000f0c00000,0x00000000f2e80000)
  to   space 35328K, 0% used [0x00000000f6980000,0x00000000f6980000,0x00000000f8c00000)
 ParOldGen       total 209920K, used 99152K [0x00000000a0000000, 0x00000000acd00000, 0x00000000e0000000)
  object space 209920K, 47% used [0x00000000a0000000,0x00000000a60d42a0,0x00000000acd00000)
 Metaspace       used 80942K, capacity 87098K, committed 87336K, reserved 1124352K
  class space    used 11086K, capacity 12248K, committed 12328K, reserved 1048576K
Event: 123.835 GC heap after
Heap after GC invocations=20 (full 4):
 PSYoungGen      total 352768K, used 14658K [0x00000000e0000000, 0x00000000f8180000, 0x0000000100000000)
  eden space 328192K, 0% used [0x00000000e0000000,0x00000000e0000000,0x00000000f4080000)
  from space 24576K, 59% used [0x00000000f6980000,0x00000000f77d0b40,0x00000000f8180000)
  to   space 33280K, 0% used [0x00000000f4080000,0x00000000f4080000,0x00000000f6100000)
 ParOldGen       total 209920K, used 99160K [0x00000000a0000000, 0x00000000acd00000, 0x00000000e0000000)
  object space 209920K, 47% used [0x00000000a0000000,0x00000000a60d62a0,0x00000000acd00000)
 Metaspace       used 80942K, capacity 87098K, committed 87336K, reserved 1124352K
  class space    used 11086K, capacity 12248K, committed 12328K, reserved 1048576K
}

