# JRE version: OpenJDK Runtime Environment (8.0_242-b01) (build 1.8.0_242-release-1644-b01)
# Java VM: OpenJDK 64-Bit Server VM (25.242-b01 mixed mode windows-amd64 compressed oops)
Heap:
 PSYoungGen      total 217088K, used 107586K [0x00000000e0000000, 0x00000000f1580000, 0x0000000100000000)
  eden space 155648K, 44% used [0x00000000e0000000,0x00000000e44000b8,0x00000000e9800000)
  from space 61440K, 61% used [0x00000000ed500000,0x00000000efa108e0,0x00000000f1100000)
  to   space 62464K, 0% used [0x00000000e9800000,0x00000000e9800000,0x00000000ed500000)
 ParOldGen       total 318976K, used 250261K [0x00000000a0000000, 0x00000000b3780000, 0x00000000e0000000)
  object space 318976K, 78% used [0x00000000a0000000,0x00000000af4654a8,0x00000000b3780000)
 Metaspace       used 90265K, capacity 98232K, committed 98432K, reserved 1134592K
  class space    used 11888K, capacity 13347K, committed 13440K, reserved 1048576K
GC Heap History (10 events):
Event: 18134.413 GC heap before
{Heap before GC invocations=86 (full 8):
 PSYoungGen      total 191488K, used 170162K [0x00000000e0000000, 0x00000000efd80000, 0x0000000100000000)
  eden space 133120K, 100% used [0x00000000e0000000,0x00000000e8200000,0x00000000e8200000)
  from space 58368K, 63% used [0x00000000e8200000,0x00000000ea62c8d0,0x00000000ebb00000)
  to   space 59904K, 0% used [0x00000000ec300000,0x00000000ec300000,0x00000000efd80000)
 ParOldGen       total 318976K, used 247489K [0x00000000a0000000, 0x00000000b3780000, 0x00000000e0000000)
  object space 318976K, 77% used [0x00000000a0000000,0x00000000af1b0468,0x00000000b3780000)
 Metaspace       used 89968K, capacity 97854K, committed 98176K, reserved 1134592K
  class space    used 11876K, capacity 13328K, committed 13440K, reserved 1048576K
Event: 18134.440 GC heap after
Heap after GC invocations=86 (full 8):
 PSYoungGen      total 197120K, used 40306K [0x00000000e0000000, 0x00000000f0600000, 0x0000000100000000)
  eden space 137216K, 0% used [0x00000000e0000000,0x00000000e0000000,0x00000000e8600000)
  from space 59904K, 67% used [0x00000000ec300000,0x00000000eea5c8f0,0x00000000efd80000)
  to   space 62464K, 0% used [0x00000000e8600000,0x00000000e8600000,0x00000000ec300000)
 ParOldGen       total 318976K, used 247497K [0x00000000a0000000, 0x00000000b3780000, 0x00000000e0000000)
  object space 318976K, 77% used [0x00000000a0000000,0x00000000af1b2468,0x00000000b3780000)
 Metaspace       used 89968K, capacity 97854K, committed 98176K, reserved 1134592K
  class space    used 11876K, capacity 13328K, committed 13440K, reserved 1048576K
}
Event: 18847.252 GC heap before
{Heap before GC invocations=87 (full 8):
 PSYoungGen      total 197120K, used 177459K [0x00000000e0000000, 0x00000000f0600000, 0x0000000100000000)
  eden space 137216K, 99% used [0x00000000e0000000,0x00000000e85f03e0,0x00000000e8600000)
  from space 59904K, 67% used [0x00000000ec300000,0x00000000eea5c8f0,0x00000000efd80000)
  to   space 62464K, 0% used [0x00000000e8600000,0x00000000e8600000,0x00000000ec300000)
 ParOldGen       total 318976K, used 247497K [0x00000000a0000000, 0x00000000b3780000, 0x00000000e0000000)
  object space 318976K, 77% used [0x00000000a0000000,0x00000000af1b2468,0x00000000b3780000)
 Metaspace       used 90006K, capacity 97872K, committed 98176K, reserved 1134592K
  class space    used 11879K, capacity 13331K, committed 13440K, reserved 1048576K
Event: 18847.260 GC heap after
Heap after GC invocations=87 (full 8):
 PSYoungGen      total 199680K, used 6466K [0x00000000e0000000, 0x00000000f0780000, 0x0000000100000000)
  eden space 137216K, 0% used [0x00000000e0000000,0x00000000e0000000,0x00000000e8600000)
  from space 62464K, 10% used [0x00000000e8600000,0x00000000e8c508c0,0x00000000ec300000)
  to   space 61952K, 0% used [0x00000000ecb00000,0x00000000ecb00000,0x00000000f0780000)
 ParOldGen       total 318976K, used 247913K [0x00000000a0000000, 0x00000000b3780000, 0x00000000e0000000)
  object space 318976K, 77% used [0x00000000a0000000,0x00000000af21a478,0x00000000b3780000)
 Metaspace       used 90006K, capacity 97872K, committed 98176K, reserved 1134592K
  class space    used 11879K, capacity 13331K, committed 13440K, reserved 1048576K
}
Event: 18848.475 GC heap before
{Heap before GC invocations=88 (full 8):
 PSYoungGen      total 199680K, used 143682K [0x00000000e0000000, 0x00000000f0780000, 0x0000000100000000)
  eden space 137216K, 100% used [0x00000000e0000000,0x00000000e8600000,0x00000000e8600000)
  from space 62464K, 10% used [0x00000000e8600000,0x00000000e8c508c0,0x00000000ec300000)
  to   space 61952K, 0% used [0x00000000ecb00000,0x00000000ecb00000,0x00000000f0780000)
 ParOldGen       total 318976K, used 247913K [0x00000000a0000000, 0x00000000b3780000, 0x00000000e0000000)
  object space 318976K, 77% used [0x00000000a0000000,0x00000000af21a478,0x00000000b3780000)
 Metaspace       used 90186K, capacity 98220K, committed 98432K, reserved 1134592K
  class space    used 11886K, capacity 13345K, committed 13440K, reserved 1048576K
Event: 18848.514 GC heap after
Heap after GC invocations=88 (full 8):
 PSYoungGen      total 206848K, used 29202K [0x00000000e0000000, 0x00000000f0580000, 0x0000000100000000)
  eden space 146944K, 0% used [0x00000000e0000000,0x00000000e0000000,0x00000000e8f80000)
  from space 59904K, 48% used [0x00000000ecb00000,0x00000000ee7848d0,0x00000000f0580000)
  to   space 60416K, 0% used [0x00000000e8f80000,0x00000000e8f80000,0x00000000eca80000)
 ParOldGen       total 318976K, used 249729K [0x00000000a0000000, 0x00000000b3780000, 0x00000000e0000000)
  object space 318976K, 78% used [0x00000000a0000000,0x00000000af3e0498,0x00000000b3780000)
 Metaspace       used 90186K, capacity 98220K, committed 98432K, reserved 1134592K
  class space    used 11886K, capacity 13345K, committed 13440K, reserved 1048576K
}
Event: 18851.512 GC heap before
{Heap before GC invocations=89 (full 8):
 PSYoungGen      total 206848K, used 176146K [0x00000000e0000000, 0x00000000f0580000, 0x0000000100000000)
  eden space 146944K, 100% used [0x00000000e0000000,0x00000000e8f80000,0x00000000e8f80000)
  from space 59904K, 48% used [0x00000000ecb00000,0x00000000ee7848d0,0x00000000f0580000)
  to   space 60416K, 0% used [0x00000000e8f80000,0x00000000e8f80000,0x00000000eca80000)
 ParOldGen       total 318976K, used 249729K [0x00000000a0000000, 0x00000000b3780000, 0x00000000e0000000)
  object space 318976K, 78% used [0x00000000a0000000,0x00000000af3e0498,0x00000000b3780000)
 Metaspace       used 90229K, capacity 98226K, committed 98432K, reserved 1134592K
  class space    used 11887K, capacity 13346K, committed 13440K, reserved 1048576K
Event: 18851.552 GC heap after
Heap after GC invocations=89 (full 8):
 PSYoungGen      total 207360K, used 36674K [0x00000000e0000000, 0x00000000f1100000, 0x0000000100000000)
  eden space 146944K, 0% used [0x00000000e0000000,0x00000000e0000000,0x00000000e8f80000)
  from space 60416K, 60% used [0x00000000e8f80000,0x00000000eb3508c0,0x00000000eca80000)
  to   space 61440K, 0% used [0x00000000ed500000,0x00000000ed500000,0x00000000f1100000)
 ParOldGen       total 318976K, used 250205K [0x00000000a0000000, 0x00000000b3780000, 0x00000000e0000000)
  object space 318976K, 78% used [0x00000000a0000000,0x00000000af4574a8,0x00000000b3780000)
 Metaspace       used 90229K, capacity 98226K, committed 98432K, reserved 1134592K
  class space    used 11887K, capacity 13346K, committed 13440K, reserved 1048576K
}
Event: 18852.233 GC heap before
{Heap before GC invocations=90 (full 8):
 PSYoungGen      total 207360K, used 183618K [0x00000000e0000000, 0x00000000f1100000, 0x0000000100000000)
  eden space 146944K, 100% used [0x00000000e0000000,0x00000000e8f80000,0x00000000e8f80000)
  from space 60416K, 60% used [0x00000000e8f80000,0x00000000eb3508c0,0x00000000eca80000)
  to   space 61440K, 0% used [0x00000000ed500000,0x00000000ed500000,0x00000000f1100000)
 ParOldGen       total 318976K, used 250205K [0x00000000a0000000, 0x00000000b3780000, 0x00000000e0000000)
  object space 318976K, 78% used [0x00000000a0000000,0x00000000af4574a8,0x00000000b3780000)
 Metaspace       used 90242K, capacity 98226K, committed 98432K, reserved 1134592K
  class space    used 11887K, capacity 13346K, committed 13440K, reserved 1048576K
Event: 18852.274 GC heap after
Heap after GC invocations=90 (full 8):
 PSYoungGen      total 217088K, used 37954K [0x00000000e0000000, 0x00000000f1580000, 0x0000000100000000)
  eden space 155648K, 0% used [0x00000000e0000000,0x00000000e0000000,0x00000000e9800000)
  from space 61440K, 61% used [0x00000000ed500000,0x00000000efa108e0,0x00000000f1100000)
  to   space 62464K, 0% used [0x00000000e9800000,0x00000000e9800000,0x00000000ed500000)
 ParOldGen       total 318976K, used 250261K [0x00000000a0000000, 0x00000000b3780000, 0x00000000e0000000)
  object space 318976K, 78% used [0x00000000a0000000,0x00000000af4654a8,0x00000000b3780000)
 Metaspace       used 90242K, capacity 98226K, committed 98432K, reserved 1134592K
  class space    used 11887K, capacity 13346K, committed 13440K, reserved 1048576K
}

